<?xml version="1.0" encoding="UTF-8"?>
<coverage generated="1731297633143" clover="3.2.0">
  <project timestamp="1731297633144" name="All files">
    <metrics statements="7" coveredstatements="5" conditionals="1" coveredconditionals="1" methods="4" coveredmethods="2" elements="12" coveredelements="8" complexity="0" loc="7" ncloc="7" packages="1" files="1" classes="1"/>
    <file name="calculator.ts" path="C:\Users\sanke\OneDrive\Desktop\SmartWasteManagement\JEST-DEMO\src\models\calculator.ts">
      <metrics statements="7" coveredstatements="5" conditionals="1" coveredconditionals="1" methods="4" coveredmethods="2"/>
      <line num="1" count="1" type="stmt"/>
      <line num="3" count="2" type="stmt"/>
      <line num="7" count="0" type="stmt"/>
      <line num="11" count="0" type="stmt"/>
      <line num="15" count="2" type="cond" truecount="1" falsecount="0"/>
      <line num="16" count="1" type="stmt"/>
      <line num="18" count="1" type="stmt"/>
    </file>
  </project>
</coverage>
